#
# A fatal error has been detected by the Java Runtime Environment:
#
#  SIGSEGV (0xb) at pc=0x00007fc1450697ba, pid=5349, tid=0x00007fc106e81700
#
# JRE version: OpenJDK Runtime Environment (8.0_121-b14) (build 1.8.0_121-b14)
# Java VM: OpenJDK 64-Bit Server VM (25.121-b14 mixed mode linux-amd64 compressed oops)
# Problematic frame:
# v  ~BufferBlob::jni_fast_GetLongField
#
# Failed to write core dump. Core dumps have been disabled. To enable core dumping, try "ulimit -c unlimited" before starting Java again
#
# If you would like to submit a bug report, please visit:
#   http://bugreport.java.com/bugreport/crash.jsp
# The crash happened outside the Java Virtual Machine in native code.
# See problematic frame for where to report the bug.
#

---------------  T H R E A D  ---------------

Current thread (0x00007fc154210000):  JavaThread "AWT-XAWT" daemon [_thread_in_native, id=5371, stack(0x00007fc106d81000,0x00007fc106e82000)]

siginfo: si_signo: 11 (SIGSEGV), si_code: 1 (SEGV_MAPERR), si_addr: 0x0000000000000000

Registers:
RAX=0x00007fc15c3694c0, RBX=0x00007fc154210258, RCX=0x0000000000000000, RDX=0x0000000000000042
RSP=0x00007fc106e80838, RBP=0x00007fc106e80860, RSI=0x0000000000000000, RDI=0x00007fc154210258
R8 =0x00000000d6f6b2d0, R9 =0x0000000000000000, R10=0x0000000000000014, R11=0x00007fc1452d1d58
R12=0x00007fc0f00103f0, R13=0x0000000000000000, R14=0x00007fc11d1b9060, R15=0x00007fc154210000
RIP=0x00007fc1450697ba, EFLAGS=0x0000000000010246, CSGSFS=0x0000000000000033, ERR=0x0000000000000004
  TRAPNO=0x000000000000000e

Top of Stack: (sp=0x00007fc106e80838)
0x00007fc106e80838:   00007fc11cf96544 00007fc158b67130
0x00007fc106e80848:   00007fc0f00103f0 00007fc106e80910
0x00007fc106e80858:   00007fc106e808e0 0000000000000000
0x00007fc106e80868:   00007fc11ca77f94 00007fc158b67130
0x00007fc106e80878:   00007fc106e808a0 0000000000000000
0x00007fc106e80888:   00007fc11ca6fa63 00007fc106e80910
0x00007fc106e80898:   00007fc11cf8e31f 00007fc106e808f0
0x00007fc106e808a8:   00007fc1452d1df6 0000000000000000
0x00007fc106e808b8:   00007fc14521bb76 00007fc106e80910
0x00007fc106e808c8:   00007fc14516092c 00007fc106e80970
0x00007fc106e808d8:   00007fc106e808d8 00000000d7191a68
0x00007fc106e808e8:   00007fc106e80928 00007fc106e80970
0x00007fc106e808f8:   00007fc1450077d0 00007fc158cee310
0x00007fc106e80908:   00007fc1450077d0 0000000000000000
0x00007fc106e80918:   00007fc106e80970 00007fc0f4000e70
0x00007fc106e80928:   00000000d7219bd0 00007fc106e80930
0x00007fc106e80938:   00007fc158c9773c 00007fc106e809b8
0x00007fc106e80948:   00007fc158ca1b80 0000000000000000
0x00007fc106e80958:   00007fc158c978d8 00007fc106e80910
0x00007fc106e80968:   00007fc106e809b0 00007fc106e80a00
0x00007fc106e80978:   00007fc145007ffd 0000000000000000
0x00007fc106e80988:   00000000d75aec48 0000000000000000
0x00007fc106e80998:   0000000000000000 0000000000000000
0x00007fc106e809a8:   00000000d7219bd0 0000000000000000
0x00007fc106e809b8:   00000000d71d79b0 00007fc106e809c0
0x00007fc106e809c8:   00007fc158c9756d 00007fc106e80a10
0x00007fc106e809d8:   00007fc158ca1b80 0000000000000000
0x00007fc106e809e8:   00007fc158c97588 00007fc106e809b0
0x00007fc106e809f8:   00007fc106e80a10 00007fc106e80a58
0x00007fc106e80a08:   00007fc145008042 00000000d71d79b0
0x00007fc106e80a18:   00007fc106e80a18 00007fc1587491b3
0x00007fc106e80a28:   00007fc106e80a68 00007fc1587e1d38 

Instructions: (pc=0x00007fc1450697ba)
0x00007fc14506979a:   00 00 00 00 00 00 44 8b 15 ad c9 32 17 4c 8b ce
0x00007fc1450697aa:   41 f6 c2 01 0f 85 2e 00 00 00 4d 33 ca 4d 33 ca
0x00007fc1450697ba:   4d 8b 09 4c 8b da 49 c1 eb 02 4b 8b 04 19 49 bb
0x00007fc1450697ca:   54 61 39 5c c1 7f 00 00 4c 33 d8 4c 33 d8 45 3b 

Register to memory mapping:

RAX=0x00007fc15c3694c0: <offset 0xf3f4c0> in /usr/lib/jvm/java-1.8.0-openjdk-1.8.0.121-1.b14.fc24.x86_64/jre/lib/amd64/server/libjvm.so at 0x00007fc15b42a000
RBX=0x00007fc154210258 is an unknown value
RCX=0x0000000000000000 is an unknown value
RDX=0x0000000000000042 is an unknown value
RSP=0x00007fc106e80838 is pointing into the stack for thread: 0x00007fc154210000
RBP=0x00007fc106e80860 is pointing into the stack for thread: 0x00007fc154210000
RSI=0x0000000000000000 is an unknown value
RDI=0x00007fc154210258 is an unknown value
R8 =0x00000000d6f6b2d0 is an oop
sun.util.logging.PlatformLogger$Level 
 - klass: 'sun/util/logging/PlatformLogger$Level'
R9 =0x0000000000000000 is an unknown value
R10=0x0000000000000014 is an unknown value
R11=0x00007fc1452d1d58 is at entry_point+24 in (nmethod*)0x00007fc1452d1bd0
R12=0x00007fc0f00103f0 is an unknown value
R13=0x0000000000000000 is an unknown value
R14=0x00007fc11d1b9060: <offset 0x258060> in /usr/lib/jvm/java-1.8.0-openjdk-1.8.0.121-1.b14.fc24.x86_64/jre/lib/amd64/libawt_xawt.so at 0x00007fc11cf61000
R15=0x00007fc154210000 is a thread


Stack: [0x00007fc106d81000,0x00007fc106e82000],  sp=0x00007fc106e80838,  free space=1022k
Native frames: (J=compiled Java code, j=interpreted, Vv=VM code, C=native code)
v  ~BufferBlob::jni_fast_GetLongField
C  [libX11.so.6+0x68f94]  _XimServerDestroy+0x74

Java frames: (J=compiled Java code, j=interpreted, Vv=VM code)
J 822  sun.awt.X11.XlibWrapper.XFilterEvent(JJ)Z (0 bytes) @ 0x00007fc1452d1d84 [0x00007fc1452d1d40+0x44]
j  sun.awt.X11.XToolkit.run(Z)V+300
j  sun.awt.X11.XToolkit.run()V+5
j  java.lang.Thread.run()V+11
v  ~StubRoutines::call_stub

---------------  P R O C E S S  ---------------

Java Threads: ( => current thread )
  0x00007fc154009800 JavaThread "DestroyJavaVM" [_thread_blocked, id=5355, stack(0x00007fc15d0be000,0x00007fc15d1bf000)]
  0x00007fc15442f000 JavaThread "MySQL Statement Cancellation Timer" daemon [_thread_blocked, id=5378, stack(0x00007fc105dd2000,0x00007fc105ed3000)]
  0x00007fc0f0020800 JavaThread "TimerQueue" daemon [_thread_blocked, id=5376, stack(0x00007fc105f52000,0x00007fc106053000)]
  0x00007fc1542a7800 JavaThread "AWT-EventQueue-0" [_thread_blocked, id=5374, stack(0x00007fc106453000,0x00007fc106554000)]
  0x00007fc1542a5800 JavaThread "AWT-Shutdown" [_thread_blocked, id=5373, stack(0x00007fc106554000,0x00007fc106655000)]
=>0x00007fc154210000 JavaThread "AWT-XAWT" daemon [_thread_in_native, id=5371, stack(0x00007fc106d81000,0x00007fc106e82000)]
  0x00007fc1541e5800 JavaThread "Java2D Disposer" daemon [_thread_blocked, id=5370, stack(0x00007fc11c0eb000,0x00007fc11c1ec000)]
  0x00007fc1540d3000 JavaThread "Service Thread" daemon [_thread_blocked, id=5367, stack(0x00007fc11d58c000,0x00007fc11d68d000)]
  0x00007fc1540ce000 JavaThread "C1 CompilerThread2" daemon [_thread_blocked, id=5366, stack(0x00007fc14002d000,0x00007fc14012e000)]
  0x00007fc1540cc800 JavaThread "C2 CompilerThread1" daemon [_thread_blocked, id=5365, stack(0x00007fc14012e000,0x00007fc14022f000)]
  0x00007fc1540bf000 JavaThread "C2 CompilerThread0" daemon [_thread_blocked, id=5364, stack(0x00007fc14022f000,0x00007fc140330000)]
  0x00007fc1540bd000 JavaThread "Signal Dispatcher" daemon [_thread_in_vm, id=5363, stack(0x00007fc140330000,0x00007fc140431000)]
  0x00007fc154093000 JavaThread "Finalizer" daemon [_thread_blocked, id=5362, stack(0x00007fc140431000,0x00007fc140532000)]
  0x00007fc15408e800 JavaThread "Reference Handler" daemon [_thread_blocked, id=5361, stack(0x00007fc140532000,0x00007fc140633000)]

Other Threads:
  0x00007fc154084800 VMThread [stack: 0x00007fc140633000,0x00007fc140734000] [id=5360]
  0x00007fc1540d5800 WatcherThread [stack: 0x00007fc11d48b000,0x00007fc11d58c000] [id=5368]

VM state:not at safepoint (normal execution)

VM Mutex/Monitor currently owned by a thread:  ([mutex/lock_event])
[0x00007fc1540066a0] Threads_lock - owner thread: 0x00007fc1540bd000

Heap:
 PSYoungGen      total 36864K, used 14141K [0x00000000d6f00000, 0x00000000d9800000, 0x0000000100000000)
  eden space 31744K, 44% used [0x00000000d6f00000,0x00000000d7ccf6f0,0x00000000d8e00000)
  from space 5120K, 0% used [0x00000000d9300000,0x00000000d9300000,0x00000000d9800000)
  to   space 5120K, 0% used [0x00000000d8e00000,0x00000000d8e00000,0x00000000d9300000)
 ParOldGen       total 84992K, used 0K [0x0000000084c00000, 0x0000000089f00000, 0x00000000d6f00000)
  object space 84992K, 0% used [0x0000000084c00000,0x0000000084c00000,0x0000000089f00000)
 Metaspace       used 17382K, capacity 17556K, committed 17920K, reserved 1064960K
  class space    used 1904K, capacity 1967K, committed 2048K, reserved 1048576K

Card table byte_map: [0x00007fc159985000,0x00007fc159d60000] byte_map_base: 0x00007fc15955f000

Marking Bits: (ParMarkBitMap*) 0x00007fc15c395820
 Begin Bits: [0x00007fc141260000, 0x00007fc143130000)
 End Bits:   [0x00007fc143130000, 0x00007fc145000000)

Polling page: 0x00007fc15d1db000

CodeCache: size=245760Kb used=3022Kb max_used=3032Kb free=242737Kb
 bounds [0x00007fc145000000, 0x00007fc145300000, 0x00007fc154000000]
 total_blobs=1458 nmethods=830 adapters=542
 compilation: enabled

Compilation events (10 events):
Event: 834.690 Thread 0x00007fc1540bf000  826       4       sun.awt.X11.XToolkit::getDisplay (20 bytes)
Event: 834.690 Thread 0x00007fc1540bf000 nmethod 826 0x00007fc1452d1510 code [0x00007fc1452d1640, 0x00007fc1452d1698]
Event: 1001.319 Thread 0x00007fc1540cc800  827       4       sun.awt.SunToolkit::awtLock (7 bytes)
Event: 1001.325 Thread 0x00007fc1540cc800 nmethod 827 0x00007fc1452f4190 code [0x00007fc1452f4300, 0x00007fc1452f4498]
Event: 2338.389 Thread 0x00007fc1540bf000  828   !   4       sun.awt.X11.XToolkit::callTimeoutTasks (220 bytes)
Event: 2338.393 Thread 0x00007fc1540bf000 nmethod 828 0x00007fc1452f3c10 code [0x00007fc1452f3d80, 0x00007fc1452f3ed8]
Event: 2570.162 Thread 0x00007fc1540cc800  829   !   4       sun.awt.X11.XToolkit::getNextTaskTime (55 bytes)
Event: 2570.168 Thread 0x00007fc1540cc800 nmethod 829 0x00007fc1452f33d0 code [0x00007fc1452f3560, 0x00007fc1452f3808]
Event: 6144.448 Thread 0x00007fc1540ce000  830       3       sun.awt.XSettings$Update::getINT32 (175 bytes)
Event: 6144.448 Thread 0x00007fc1540ce000 nmethod 830 0x00007fc1452f54d0 code [0x00007fc1452f5660, 0x00007fc1452f59c8]

GC Heap History (0 events):
No events

Deoptimization events (9 events):
Event: 0.214 Thread 0x00007fc154009800 Uncommon trap: reason=null_check action=make_not_entrant pc=0x00007fc145161dc4 method=java.lang.String.equals(Ljava/lang/Object;)Z @ 8
Event: 1.232 Thread 0x00007fc1542a7800 Uncommon trap: reason=class_check action=maybe_recompile pc=0x00007fc145188970 method=java.lang.String.equals(Ljava/lang/Object;)Z @ 8
Event: 1.232 Thread 0x00007fc1542a7800 Uncommon trap: reason=class_check action=maybe_recompile pc=0x00007fc145188970 method=java.lang.String.equals(Ljava/lang/Object;)Z @ 8
Event: 1.232 Thread 0x00007fc1542a7800 Uncommon trap: reason=class_check action=maybe_recompile pc=0x00007fc145188970 method=java.lang.String.equals(Ljava/lang/Object;)Z @ 8
Event: 1.232 Thread 0x00007fc1542a7800 Uncommon trap: reason=class_check action=maybe_recompile pc=0x00007fc145188970 method=java.lang.String.equals(Ljava/lang/Object;)Z @ 8
Event: 2.124 Thread 0x00007fc154009800 Uncommon trap: reason=class_check action=maybe_recompile pc=0x00007fc1451b4dc8 method=java.util.Properties$LineReader.readLine()I @ 62
Event: 2.124 Thread 0x00007fc154009800 Uncommon trap: reason=unstable_if action=reinterpret pc=0x00007fc1451b4b6c method=java.util.Properties$LineReader.readLine()I @ 206
Event: 2.124 Thread 0x00007fc154009800 Uncommon trap: reason=unstable_if action=reinterpret pc=0x00007fc1451b7330 method=java.util.Properties.loadConvert([CII[C)Ljava/lang/String; @ 57
Event: 2.293 Thread 0x00007fc154009800 Uncommon trap: reason=unstable_if action=reinterpret pc=0x00007fc145293a28 method=java.lang.String.indexOf([CII[CIII)I @ 3

Internal exceptions (10 events):
Event: 2.121 Thread 0x00007fc154009800 Exception <a 'java/security/PrivilegedActionException'> (0x00000000d76d47b0) thrown at [/builddir/build/BUILD/java-1.8.0-openjdk-1.8.0.121-1.b14.fc24.x86_64/openjdk/hotspot/src/share/vm/prims/jvm.cpp, line 1402]
Event: 2.121 Thread 0x00007fc154009800 Exception <a 'java/security/PrivilegedActionException'> (0x00000000d76d4ba8) thrown at [/builddir/build/BUILD/java-1.8.0-openjdk-1.8.0.121-1.b14.fc24.x86_64/openjdk/hotspot/src/share/vm/prims/jvm.cpp, line 1402]
Event: 2.132 Thread 0x00007fc154009800 Exception <a 'java/security/PrivilegedActionException'> (0x00000000d7726220) thrown at [/builddir/build/BUILD/java-1.8.0-openjdk-1.8.0.121-1.b14.fc24.x86_64/openjdk/hotspot/src/share/vm/prims/jvm.cpp, line 1402]
Event: 2.132 Thread 0x00007fc154009800 Exception <a 'java/security/PrivilegedActionException'> (0x00000000d7726618) thrown at [/builddir/build/BUILD/java-1.8.0-openjdk-1.8.0.121-1.b14.fc24.x86_64/openjdk/hotspot/src/share/vm/prims/jvm.cpp, line 1402]
Event: 2.133 Thread 0x00007fc154009800 Exception <a 'java/security/PrivilegedActionException'> (0x00000000d7731ef0) thrown at [/builddir/build/BUILD/java-1.8.0-openjdk-1.8.0.121-1.b14.fc24.x86_64/openjdk/hotspot/src/share/vm/prims/jvm.cpp, line 1402]
Event: 2.133 Thread 0x00007fc154009800 Exception <a 'java/security/PrivilegedActionException'> (0x00000000d77322e8) thrown at [/builddir/build/BUILD/java-1.8.0-openjdk-1.8.0.121-1.b14.fc24.x86_64/openjdk/hotspot/src/share/vm/prims/jvm.cpp, line 1402]
Event: 2.134 Thread 0x00007fc154009800 Exception <a 'java/security/PrivilegedActionException'> (0x00000000d773e140) thrown at [/builddir/build/BUILD/java-1.8.0-openjdk-1.8.0.121-1.b14.fc24.x86_64/openjdk/hotspot/src/share/vm/prims/jvm.cpp, line 1402]
Event: 2.134 Thread 0x00007fc154009800 Exception <a 'java/security/PrivilegedActionException'> (0x00000000d773e538) thrown at [/builddir/build/BUILD/java-1.8.0-openjdk-1.8.0.121-1.b14.fc24.x86_64/openjdk/hotspot/src/share/vm/prims/jvm.cpp, line 1402]
Event: 2.136 Thread 0x00007fc154009800 Exception <a 'java/security/PrivilegedActionException'> (0x00000000d7749f28) thrown at [/builddir/build/BUILD/java-1.8.0-openjdk-1.8.0.121-1.b14.fc24.x86_64/openjdk/hotspot/src/share/vm/prims/jvm.cpp, line 1402]
Event: 2.136 Thread 0x00007fc154009800 Exception <a 'java/security/PrivilegedActionException'> (0x00000000d774a320) thrown at [/builddir/build/BUILD/java-1.8.0-openjdk-1.8.0.121-1.b14.fc24.x86_64/openjdk/hotspot/src/share/vm/prims/jvm.cpp, line 1402]

Events (10 events):
Event: 2.491 loading class java/lang/Throwable$WrappedPrintStream done
Event: 2.492 Thread 0x00007fc154009800 Thread exited: 0x00007fc154009800
Event: 2.492 Thread 0x00007fc154009800 Thread added: 0x00007fc154009800
Event: 4.077 Executing VM operation: EnableBiasedLocking
Event: 4.077 Executing VM operation: EnableBiasedLocking done
Event: 5.316 Thread 0x00007fc15424a000 Thread exited: 0x00007fc15424a000
Event: 888.439 loading class sun/awt/X11/XAWTXSettings$1
Event: 888.440 loading class sun/awt/X11/XAWTXSettings$1 done
Event: 6157.555 loading class sun/misc/Signal$1
Event: 6157.555 loading class sun/misc/Signal$1 done


Dynamic libraries:
84c00000-89f00000 rw-p 00000000 00:00 0 
89f00000-d6f00000 ---p 00000000 00:00 0 
d6f00000-d9800000 rw-p 00000000 00:00 0 
d9800000-100000000 ---p 00000000 00:00 0 
100000000-100200000 rw-p 00000000 00:00 0 
100200000-140000000 ---p 00000000 00:00 0 
56146e5fa000-56146e5fb000 r-xp 00000000 fd:00 10492856                   /usr/lib/jvm/java-1.8.0-openjdk-1.8.0.121-1.b14.fc24.x86_64/bin/java
56146e7fa000-56146e7fb000 r--p 00000000 fd:00 10492856                   /usr/lib/jvm/java-1.8.0-openjdk-1.8.0.121-1.b14.fc24.x86_64/bin/java
56146e7fb000-56146e7fc000 rw-p 00001000 fd:00 10492856                   /usr/lib/jvm/java-1.8.0-openjdk-1.8.0.121-1.b14.fc24.x86_64/bin/java
56146ef43000-56146ef64000 rw-p 00000000 00:00 0                          [heap]
7fc0e4000000-7fc0e4021000 rw-p 00000000 00:00 0 
7fc0e4021000-7fc0e8000000 ---p 00000000 00:00 0 
7fc0e8000000-7fc0e8021000 rw-p 00000000 00:00 0 
7fc0e8021000-7fc0ec000000 ---p 00000000 00:00 0 
7fc0ec000000-7fc0ec021000 rw-p 00000000 00:00 0 
7fc0ec021000-7fc0f0000000 ---p 00000000 00:00 0 
7fc0f0000000-7fc0f0026000 rw-p 00000000 00:00 0 
7fc0f0026000-7fc0f4000000 ---p 00000000 00:00 0 
7fc0f4000000-7fc0f4021000 rw-p 00000000 00:00 0 
7fc0f4021000-7fc0f8000000 ---p 00000000 00:00 0 
7fc0f8000000-7fc0f8021000 rw-p 00000000 00:00 0 
7fc0f8021000-7fc0fc000000 ---p 00000000 00:00 0 
7fc0fc000000-7fc0fc021000 rw-p 00000000 00:00 0 
7fc0fc021000-7fc100000000 ---p 00000000 00:00 0 
7fc100000000-7fc100021000 rw-p 00000000 00:00 0 
7fc100021000-7fc104000000 ---p 00000000 00:00 0 
7fc105ad1000-7fc105d52000 rw-p 00000000 00:00 0 
7fc105d52000-7fc105dd2000 ---p 00000000 00:00 0 
7fc105dd2000-7fc105dd5000 ---p 00000000 00:00 0 
7fc105dd5000-7fc105ed3000 rw-p 00000000 00:00 0 
7fc105ed3000-7fc105f52000 r--s 0034a000 fd:00 12852513                   /home/user1/hevra/poi-ooxml-schemas-3.7-20101029.jar
7fc105f52000-7fc105f55000 ---p 00000000 00:00 0 
7fc105f55000-7fc106253000 rw-p 00000000 00:00 0 
7fc106253000-7fc106453000 rw-p 00000000 00:00 0 
7fc106453000-7fc106456000 ---p 00000000 00:00 0 
7fc106456000-7fc106554000 rw-p 00000000 00:00 0 
7fc106554000-7fc106557000 ---p 00000000 00:00 0 
7fc106557000-7fc106655000 rw-p 00000000 00:00 0 
7fc106655000-7fc106666000 r-xp 00000000 fd:00 10360081                   /usr/lib/jvm/java-1.8.0-openjdk-1.8.0.121-1.b14.fc24.x86_64/jre/lib/amd64/libnio.so
7fc106666000-7fc106866000 ---p 00011000 fd:00 10360081                   /usr/lib/jvm/java-1.8.0-openjdk-1.8.0.121-1.b14.fc24.x86_64/jre/lib/amd64/libnio.so
7fc106866000-7fc106867000 r--p 00011000 fd:00 10360081                   /usr/lib/jvm/java-1.8.0-openjdk-1.8.0.121-1.b14.fc24.x86_64/jre/lib/amd64/libnio.so
7fc106867000-7fc106868000 rw-p 00012000 fd:00 10360081                   /usr/lib/jvm/java-1.8.0-openjdk-1.8.0.121-1.b14.fc24.x86_64/jre/lib/amd64/libnio.so
7fc106868000-7fc10687f000 r-xp 00000000 fd:00 10360080                   /usr/lib/jvm/java-1.8.0-openjdk-1.8.0.121-1.b14.fc24.x86_64/jre/lib/amd64/libnet.so
7fc10687f000-7fc106a7e000 ---p 00017000 fd:00 10360080                   /usr/lib/jvm/java-1.8.0-openjdk-1.8.0.121-1.b14.fc24.x86_64/jre/lib/amd64/libnet.so
7fc106a7e000-7fc106a7f000 r--p 00016000 fd:00 10360080                   /usr/lib/jvm/java-1.8.0-openjdk-1.8.0.121-1.b14.fc24.x86_64/jre/lib/amd64/libnet.so
7fc106a7f000-7fc106a80000 rw-p 00017000 fd:00 10360080                   /usr/lib/jvm/java-1.8.0-openjdk-1.8.0.121-1.b14.fc24.x86_64/jre/lib/amd64/libnet.so
7fc106a80000-7fc106c83000 rw-p 00000000 00:00 0 
7fc106c83000-7fc106d81000 rw-p 00000000 00:00 0 
7fc106d81000-7fc106d84000 ---p 00000000 00:00 0 
7fc106d84000-7fc106e82000 rw-p 00000000 00:00 0 
7fc106e82000-7fc106e87000 r-xp 00000000 fd:00 10232250                   /usr/lib64/libXfixes.so.3.1.0
7fc106e87000-7fc107086000 ---p 00005000 fd:00 10232250                   /usr/lib64/libXfixes.so.3.1.0
7fc107086000-7fc107087000 r--p 00004000 fd:00 10232250                   /usr/lib64/libXfixes.so.3.1.0
7fc107087000-7fc107088000 rw-p 00005000 fd:00 10232250                   /usr/lib64/libXfixes.so.3.1.0
7fc107088000-7fc107091000 r-xp 00000000 fd:00 10232246                   /usr/lib64/libXcursor.so.1.0.2
7fc107091000-7fc107291000 ---p 00009000 fd:00 10232246                   /usr/lib64/libXcursor.so.1.0.2
7fc107291000-7fc107292000 r--p 00009000 fd:00 10232246                   /usr/lib64/libXcursor.so.1.0.2
7fc107292000-7fc107293000 rw-p 00000000 00:00 0 
7fc107293000-7fc1072c4000 r-xp 00000000 fd:00 10232934                   /usr/lib64/libpng16.so.16.21.0
7fc1072c4000-7fc1074c3000 ---p 00031000 fd:00 10232934                   /usr/lib64/libpng16.so.16.21.0
7fc1074c3000-7fc1074c4000 r--p 00030000 fd:00 10232934                   /usr/lib64/libpng16.so.16.21.0
7fc1074c4000-7fc1074c5000 rw-p 00000000 00:00 0 
7fc1074c5000-7fc1074d4000 r-xp 00000000 fd:00 10232345                   /usr/lib64/libbz2.so.1.0.6
7fc1074d4000-7fc1076d3000 ---p 0000f000 fd:00 10232345                   /usr/lib64/libbz2.so.1.0.6
7fc1076d3000-7fc1076d4000 r--p 0000e000 fd:00 10232345                   /usr/lib64/libbz2.so.1.0.6
7fc1076d4000-7fc1076d5000 rw-p 0000f000 fd:00 10232345                   /usr/lib64/libbz2.so.1.0.6
7fc1076d5000-7fc10777d000 r-xp 00000000 fd:00 10232517                   /usr/lib64/libfreetype.so.6.12.3
7fc10777d000-7fc10797c000 ---p 000a8000 fd:00 10232517                   /usr/lib64/libfreetype.so.6.12.3
7fc10797c000-7fc107983000 r--p 000a7000 fd:00 10232517                   /usr/lib64/libfreetype.so.6.12.3
7fc107983000-7fc107984000 rw-p 00000000 00:00 0 
7fc107984000-7fc1079d7000 r-xp 00000000 fd:00 10360063                   /usr/lib/jvm/java-1.8.0-openjdk-1.8.0.121-1.b14.fc24.x86_64/jre/lib/amd64/libfontmanager.so
7fc1079d7000-7fc107bd6000 ---p 00053000 fd:00 10360063                   /usr/lib/jvm/java-1.8.0-openjdk-1.8.0.121-1.b14.fc24.x86_64/jre/lib/amd64/libfontmanager.so
7fc107bd6000-7fc107bd9000 r--p 00052000 fd:00 10360063                   /usr/lib/jvm/java-1.8.0-openjdk-1.8.0.121-1.b14.fc24.x86_64/jre/lib/amd64/libfontmanager.so
7fc107bd9000-7fc107bda000 rw-p 00055000 fd:00 10360063                   /usr/lib/jvm/java-1.8.0-openjdk-1.8.0.121-1.b14.fc24.x86_64/jre/lib/amd64/libfontmanager.so
7fc107bda000-7fc107bdc000 r-xp 00000000 fd:00 10232244                   /usr/lib64/libXau.so.6.0.0
7fc107bdc000-7fc107ddc000 ---p 00002000 fd:00 10232244                   /usr/lib64/libXau.so.6.0.0
7fc107ddc000-7fc107ddd000 r--p 00002000 fd:00 10232244                   /usr/lib64/libXau.so.6.0.0
7fc107ddd000-7fc107dde000 rw-p 00000000 00:00 0 
7fc107dde000-7fc107dff000 r-xp 00000000 fd:00 10233224                   /usr/lib64/libxcb.so.1.1.0
7fc107dff000-7fc107ffe000 ---p 00021000 fd:00 10233224                   /usr/lib64/libxcb.so.1.1.0
7fc107ffe000-7fc107fff000 r--p 00020000 fd:00 10233224                   /usr/lib64/libxcb.so.1.1.0
7fc107fff000-7fc108000000 rw-p 00021000 fd:00 10233224                   /usr/lib64/libxcb.so.1.1.0
7fc108000000-7fc108546000 rw-p 00000000 00:00 0 
7fc108546000-7fc10c000000 ---p 00000000 00:00 0 
7fc10c000000-7fc10c021000 rw-p 00000000 00:00 0 
7fc10c021000-7fc110000000 ---p 00000000 00:00 0 
7fc110000000-7fc110200000 rw-p 00000000 00:00 0 
7fc110200000-7fc114000000 ---p 00000000 00:00 0 
7fc114000000-7fc1140f7000 rw-p 00000000 00:00 0 
7fc1140f7000-7fc118000000 ---p 00000000 00:00 0 
7fc118000000-7fc118021000 rw-p 00000000 00:00 0 
7fc118021000-7fc11c000000 ---p 00000000 00:00 0 
7fc11c07d000-7fc11c0ba000 r--s 0024f000 fd:00 11928972                   /home/user1/hevra/xmlbeans-2.3.0.jar
7fc11c0ba000-7fc11c0eb000 rw-p 00000000 00:00 0 
7fc11c0eb000-7fc11c0ee000 ---p 00000000 00:00 0 
7fc11c0ee000-7fc11c1ec000 rw-p 00000000 00:00 0 
7fc11c1ec000-7fc11c1fb000 r-xp 00000000 fd:00 10232253                   /usr/lib64/libXi.so.6.1.0
7fc11c1fb000-7fc11c3fa000 ---p 0000f000 fd:00 10232253                   /usr/lib64/libXi.so.6.1.0
7fc11c3fa000-7fc11c3fb000 r--p 0000e000 fd:00 10232253                   /usr/lib64/libXi.so.6.1.0
7fc11c3fb000-7fc11c3fc000 rw-p 0000f000 fd:00 10232253                   /usr/lib64/libXi.so.6.1.0
7fc11c3fc000-7fc11c401000 r-xp 00000000 fd:00 10232261                   /usr/lib64/libXtst.so.6.1.0
7fc11c401000-7fc11c600000 ---p 00005000 fd:00 10232261                   /usr/lib64/libXtst.so.6.1.0
7fc11c600000-7fc11c601000 r--p 00004000 fd:00 10232261                   /usr/lib64/libXtst.so.6.1.0
7fc11c601000-7fc11c602000 rw-p 00005000 fd:00 10232261                   /usr/lib64/libXtst.so.6.1.0
7fc11c602000-7fc11c604000 r-xp 00000000 fd:00 10232245                   /usr/lib64/libXcomposite.so.1.0.0
7fc11c604000-7fc11c803000 ---p 00002000 fd:00 10232245                   /usr/lib64/libXcomposite.so.1.0.0
7fc11c803000-7fc11c804000 r--p 00001000 fd:00 10232245                   /usr/lib64/libXcomposite.so.1.0.0
7fc11c804000-7fc11c805000 rw-p 00000000 00:00 0 
7fc11c805000-7fc11c80e000 r-xp 00000000 fd:00 10232259                   /usr/lib64/libXrender.so.1.3.0
7fc11c80e000-7fc11ca0d000 ---p 00009000 fd:00 10232259                   /usr/lib64/libXrender.so.1.3.0
7fc11ca0d000-7fc11ca0e000 r--p 00008000 fd:00 10232259                   /usr/lib64/libXrender.so.1.3.0
7fc11ca0e000-7fc11ca0f000 rw-p 00009000 fd:00 10232259                   /usr/lib64/libXrender.so.1.3.0
7fc11ca0f000-7fc11cb48000 r-xp 00000000 fd:00 10232242                   /usr/lib64/libX11.so.6.3.0
7fc11cb48000-7fc11cd48000 ---p 00139000 fd:00 10232242                   /usr/lib64/libX11.so.6.3.0
7fc11cd48000-7fc11cd4b000 r--p 00139000 fd:00 10232242                   /usr/lib64/libX11.so.6.3.0
7fc11cd4b000-7fc11cd4f000 rw-p 0013c000 fd:00 10232242                   /usr/lib64/libX11.so.6.3.0
7fc11cd4f000-7fc11cd60000 r-xp 00000000 fd:00 10232249                   /usr/lib64/libXext.so.6.4.0
7fc11cd60000-7fc11cf5f000 ---p 00011000 fd:00 10232249                   /usr/lib64/libXext.so.6.4.0
7fc11cf5f000-7fc11cf60000 r--p 00010000 fd:00 10232249                   /usr/lib64/libXext.so.6.4.0
7fc11cf60000-7fc11cf61000 rw-p 00011000 fd:00 10232249                   /usr/lib64/libXext.so.6.4.0
7fc11cf61000-7fc11cfb5000 r-xp 00000000 fd:00 10360113                   /usr/lib/jvm/java-1.8.0-openjdk-1.8.0.121-1.b14.fc24.x86_64/jre/lib/amd64/libawt_xawt.so
7fc11cfb5000-7fc11d1b5000 ---p 00054000 fd:00 10360113                   /usr/lib/jvm/java-1.8.0-openjdk-1.8.0.121-1.b14.fc24.x86_64/jre/lib/amd64/libawt_xawt.so
7fc11d1b5000-7fc11d1b6000 r--p 00054000 fd:00 10360113                   /usr/lib/jvm/java-1.8.0-openjdk-1.8.0.121-1.b14.fc24.x86_64/jre/lib/amd64/libawt_xawt.so
7fc11d1b6000-7fc11d1b8000 rw-p 00055000 fd:00 10360113                   /usr/lib/jvm/java-1.8.0-openjdk-1.8.0.121-1.b14.fc24.x86_64/jre/lib/amd64/libawt_xawt.so
7fc11d1b8000-7fc11d1ba000 rw-p 00000000 00:00 0 
7fc11d1ba000-7fc11d25b000 r-xp 00000000 fd:00 10360060                   /usr/lib/jvm/java-1.8.0-openjdk-1.8.0.121-1.b14.fc24.x86_64/jre/lib/amd64/libawt.so
7fc11d25b000-7fc11d45a000 ---p 000a1000 fd:00 10360060                   /usr/lib/jvm/java-1.8.0-openjdk-1.8.0.121-1.b14.fc24.x86_64/jre/lib/amd64/libawt.so
7fc11d45a000-7fc11d45b000 r--p 000a0000 fd:00 10360060                   /usr/lib/jvm/java-1.8.0-openjdk-1.8.0.121-1.b14.fc24.x86_64/jre/lib/amd64/libawt.so
7fc11d45b000-7fc11d466000 rw-p 000a1000 fd:00 10360060                   /usr/lib/jvm/java-1.8.0-openjdk-1.8.0.121-1.b14.fc24.x86_64/jre/lib/amd64/libawt.so
7fc11d466000-7fc11d48b000 rw-p 00000000 00:00 0 
7fc11d48b000-7fc11d48c000 ---p 00000000 00:00 0 
7fc11d48c000-7fc11d58c000 rw-p 00000000 00:00 0 
7fc11d58c000-7fc11d58f000 ---p 00000000 00:00 0 
7fc11d58f000-7fc11d68d000 rw-p 00000000 00:00 0 
7fc11d68d000-7fc124000000 r--p 00000000 fd:00 10230459                   /usr/lib/locale/locale-archive
7fc124000000-7fc124021000 rw-p 00000000 00:00 0 
7fc124021000-7fc128000000 ---p 00000000 00:00 0 
7fc128000000-7fc128021000 rw-p 00000000 00:00 0 
7fc128021000-7fc12c000000 ---p 00000000 00:00 0 
7fc12c000000-7fc12c021000 rw-p 00000000 00:00 0 
7fc12c021000-7fc130000000 ---p 00000000 00:00 0 
7fc130000000-7fc130021000 rw-p 00000000 00:00 0 
7fc130021000-7fc134000000 ---p 00000000 00:00 0 
7fc134000000-7fc134021000 rw-p 00000000 00:00 0 
7fc134021000-7fc138000000 ---p 00000000 00:00 0 
7fc138000000-7fc138021000 rw-p 00000000 00:00 0 
7fc138021000-7fc13c000000 ---p 00000000 00:00 0 
7fc13c000000-7fc13c021000 rw-p 00000000 00:00 0 
7fc13c021000-7fc140000000 ---p 00000000 00:00 0 
7fc14000b000-7fc140010000 r--s 000b3000 fd:00 10360100                   /usr/lib/jvm/java-1.8.0-openjdk-1.8.0.121-1.b14.fc24.x86_64/jre/lib/jsse.jar
7fc140010000-7fc14002d000 r--s 00186000 fd:00 12453282                   /home/user1/hevra/poi-3.8-beta2-20110408.jar
7fc14002d000-7fc140030000 ---p 00000000 00:00 0 
7fc140030000-7fc14012e000 rw-p 00000000 00:00 0 
7fc14012e000-7fc140131000 ---p 00000000 00:00 0 
7fc140131000-7fc14022f000 rw-p 00000000 00:00 0 
7fc14022f000-7fc140232000 ---p 00000000 00:00 0 
7fc140232000-7fc140330000 rw-p 00000000 00:00 0 
7fc140330000-7fc140333000 ---p 00000000 00:00 0 
7fc140333000-7fc140431000 rw-p 00000000 00:00 0 
7fc140431000-7fc140434000 ---p 00000000 00:00 0 
7fc140434000-7fc140532000 rw-p 00000000 00:00 0 
7fc140532000-7fc140535000 ---p 00000000 00:00 0 
7fc140535000-7fc140633000 rw-p 00000000 00:00 0 
7fc140633000-7fc140634000 ---p 00000000 00:00 0 
7fc140634000-7fc145000000 rw-p 00000000 00:00 0 
7fc145000000-7fc145300000 rwxp 00000000 00:00 0 
7fc145300000-7fc154000000 ---p 00000000 00:00 0 
7fc154000000-7fc15456e000 rw-p 00000000 00:00 0 
7fc15456e000-7fc158000000 ---p 00000000 00:00 0 
7fc158004000-7fc15800b000 r--s 00073000 fd:00 12066179                   /home/user1/hevra/poi-ooxml-3.7-20101029.jar
7fc15800b000-7fc158013000 r--s 00068000 fd:00 11928930                   /home/user1/hevra/dom4j-1.1.jar
7fc158013000-7fc15801d000 r--s 000e7000 fd:00 13239885                   /home/user1/Documents/JARS/mysql-connector-java-5.1.38-bin.jar
7fc15801d000-7fc1584d1000 rw-p 00000000 00:00 0 
7fc1584d1000-7fc15869f000 r--s 043e0000 fd:00 10360106                   /usr/lib/jvm/java-1.8.0-openjdk-1.8.0.121-1.b14.fc24.x86_64/jre/lib/rt.jar
7fc15869f000-7fc1592ef000 rw-p 00000000 00:00 0 
7fc1592ef000-7fc1592f0000 ---p 00000000 00:00 0 
7fc1592f0000-7fc1593f0000 rw-p 00000000 00:00 0 
7fc1593f0000-7fc1593f1000 ---p 00000000 00:00 0 
7fc1593f1000-7fc1594f1000 rw-p 00000000 00:00 0 
7fc1594f1000-7fc1594f2000 ---p 00000000 00:00 0 
7fc1594f2000-7fc1595f2000 rw-p 00000000 00:00 0 
7fc1595f2000-7fc1595f3000 ---p 00000000 00:00 0 
7fc1595f3000-7fc15971d000 rw-p 00000000 00:00 0 
7fc15971d000-7fc159985000 ---p 00000000 00:00 0 
7fc159985000-7fc1599af000 rw-p 00000000 00:00 0 
7fc1599af000-7fc159c16000 ---p 00000000 00:00 0 
7fc159c16000-7fc159c2b000 rw-p 00000000 00:00 0 
7fc159c2b000-7fc159d5f000 ---p 00000000 00:00 0 
7fc159d5f000-7fc159d6c000 rw-p 00000000 00:00 0 
7fc159d6c000-7fc15a120000 ---p 00000000 00:00 0 
7fc15a120000-7fc15a128000 r-xp 00000000 fd:00 10360088                   /usr/lib/jvm/java-1.8.0-openjdk-1.8.0.121-1.b14.fc24.x86_64/jre/lib/amd64/libzip.so
7fc15a128000-7fc15a327000 ---p 00008000 fd:00 10360088                   /usr/lib/jvm/java-1.8.0-openjdk-1.8.0.121-1.b14.fc24.x86_64/jre/lib/amd64/libzip.so
7fc15a327000-7fc15a328000 r--p 00007000 fd:00 10360088                   /usr/lib/jvm/java-1.8.0-openjdk-1.8.0.121-1.b14.fc24.x86_64/jre/lib/amd64/libzip.so
7fc15a328000-7fc15a329000 rw-p 00000000 00:00 0 
7fc15a329000-7fc15a334000 r-xp 00000000 fd:00 10232853                   /usr/lib64/libnss_files-2.23.so
7fc15a334000-7fc15a533000 ---p 0000b000 fd:00 10232853                   /usr/lib64/libnss_files-2.23.so
7fc15a533000-7fc15a534000 r--p 0000a000 fd:00 10232853                   /usr/lib64/libnss_files-2.23.so
7fc15a534000-7fc15a535000 rw-p 0000b000 fd:00 10232853                   /usr/lib64/libnss_files-2.23.so
7fc15a535000-7fc15a53b000 rw-p 00000000 00:00 0 
7fc15a53b000-7fc15a568000 r-xp 00000000 fd:00 10360070                   /usr/lib/jvm/java-1.8.0-openjdk-1.8.0.121-1.b14.fc24.x86_64/jre/lib/amd64/libjava.so
7fc15a568000-7fc15a768000 ---p 0002d000 fd:00 10360070                   /usr/lib/jvm/java-1.8.0-openjdk-1.8.0.121-1.b14.fc24.x86_64/jre/lib/amd64/libjava.so
7fc15a768000-7fc15a769000 r--p 0002d000 fd:00 10360070                   /usr/lib/jvm/java-1.8.0-openjdk-1.8.0.121-1.b14.fc24.x86_64/jre/lib/amd64/libjava.so
7fc15a769000-7fc15a76a000 rw-p 0002e000 fd:00 10360070                   /usr/lib/jvm/java-1.8.0-openjdk-1.8.0.121-1.b14.fc24.x86_64/jre/lib/amd64/libjava.so
7fc15a76a000-7fc15a76b000 rw-p 00000000 00:00 0 
7fc15a76b000-7fc15a778000 r-xp 00000000 fd:00 10360087                   /usr/lib/jvm/java-1.8.0-openjdk-1.8.0.121-1.b14.fc24.x86_64/jre/lib/amd64/libverify.so
7fc15a778000-7fc15a977000 ---p 0000d000 fd:00 10360087                   /usr/lib/jvm/java-1.8.0-openjdk-1.8.0.121-1.b14.fc24.x86_64/jre/lib/amd64/libverify.so
7fc15a977000-7fc15a979000 r--p 0000c000 fd:00 10360087                   /usr/lib/jvm/java-1.8.0-openjdk-1.8.0.121-1.b14.fc24.x86_64/jre/lib/amd64/libverify.so
7fc15a979000-7fc15a97a000 rw-p 00000000 00:00 0 
7fc15a97a000-7fc15a981000 r-xp 00000000 fd:00 10232995                   /usr/lib64/librt-2.23.so
7fc15a981000-7fc15ab80000 ---p 00007000 fd:00 10232995                   /usr/lib64/librt-2.23.so
7fc15ab80000-7fc15ab81000 r--p 00006000 fd:00 10232995                   /usr/lib64/librt-2.23.so
7fc15ab81000-7fc15ab82000 rw-p 00007000 fd:00 10232995                   /usr/lib64/librt-2.23.so
7fc15ab82000-7fc15ab98000 r-xp 00000000 fd:00 10232530                   /usr/lib64/libgcc_s-6.1.1-20160510.so.1
7fc15ab98000-7fc15ad97000 ---p 00016000 fd:00 10232530                   /usr/lib64/libgcc_s-6.1.1-20160510.so.1
7fc15ad97000-7fc15ad98000 r--p 00015000 fd:00 10232530                   /usr/lib64/libgcc_s-6.1.1-20160510.so.1
7fc15ad98000-7fc15ad99000 rw-p 00016000 fd:00 10232530                   /usr/lib64/libgcc_s-6.1.1-20160510.so.1
7fc15ad99000-7fc15aea2000 r-xp 00000000 fd:00 10232774                   /usr/lib64/libm-2.23.so
7fc15aea2000-7fc15b0a1000 ---p 00109000 fd:00 10232774                   /usr/lib64/libm-2.23.so
7fc15b0a1000-7fc15b0a2000 r--p 00108000 fd:00 10232774                   /usr/lib64/libm-2.23.so
7fc15b0a2000-7fc15b0a3000 rw-p 00109000 fd:00 10232774                   /usr/lib64/libm-2.23.so
7fc15b0a3000-7fc15b21b000 r-xp 00000000 fd:00 10233060                   /usr/lib64/libstdc++.so.6.0.22
7fc15b21b000-7fc15b41a000 ---p 00178000 fd:00 10233060                   /usr/lib64/libstdc++.so.6.0.22
7fc15b41a000-7fc15b424000 r--p 00177000 fd:00 10233060                   /usr/lib64/libstdc++.so.6.0.22
7fc15b424000-7fc15b426000 rw-p 00181000 fd:00 10233060                   /usr/lib64/libstdc++.so.6.0.22
7fc15b426000-7fc15b42a000 rw-p 00000000 00:00 0 
7fc15b42a000-7fc15c0c4000 r-xp 00000000 fd:00 10360092                   /usr/lib/jvm/java-1.8.0-openjdk-1.8.0.121-1.b14.fc24.x86_64/jre/lib/amd64/server/libjvm.so
7fc15c0c4000-7fc15c2c3000 ---p 00c9a000 fd:00 10360092                   /usr/lib/jvm/java-1.8.0-openjdk-1.8.0.121-1.b14.fc24.x86_64/jre/lib/amd64/server/libjvm.so
7fc15c2c3000-7fc15c359000 r--p 00c99000 fd:00 10360092                   /usr/lib/jvm/java-1.8.0-openjdk-1.8.0.121-1.b14.fc24.x86_64/jre/lib/amd64/server/libjvm.so
7fc15c359000-7fc15c382000 rw-p 00d2f000 fd:00 10360092                   /usr/lib/jvm/java-1.8.0-openjdk-1.8.0.121-1.b14.fc24.x86_64/jre/lib/amd64/server/libjvm.so
7fc15c382000-7fc15c3b2000 rw-p 00000000 00:00 0 
7fc15c3b2000-7fc15c56b000 r-xp 00000000 fd:00 10232346                   /usr/lib64/libc-2.23.so
7fc15c56b000-7fc15c76b000 ---p 001b9000 fd:00 10232346                   /usr/lib64/libc-2.23.so
7fc15c76b000-7fc15c76f000 r--p 001b9000 fd:00 10232346                   /usr/lib64/libc-2.23.so
7fc15c76f000-7fc15c771000 rw-p 001bd000 fd:00 10232346                   /usr/lib64/libc-2.23.so
7fc15c771000-7fc15c775000 rw-p 00000000 00:00 0 
7fc15c775000-7fc15c778000 r-xp 00000000 fd:00 10232438                   /usr/lib64/libdl-2.23.so
7fc15c778000-7fc15c977000 ---p 00003000 fd:00 10232438                   /usr/lib64/libdl-2.23.so
7fc15c977000-7fc15c978000 r--p 00002000 fd:00 10232438                   /usr/lib64/libdl-2.23.so
7fc15c978000-7fc15c979000 rw-p 00003000 fd:00 10232438                   /usr/lib64/libdl-2.23.so
7fc15c979000-7fc15c986000 r-xp 00000000 fd:00 10492905                   /usr/lib/jvm/java-1.8.0-openjdk-1.8.0.121-1.b14.fc24.x86_64/lib/amd64/jli/libjli.so
7fc15c986000-7fc15cb86000 ---p 0000d000 fd:00 10492905                   /usr/lib/jvm/java-1.8.0-openjdk-1.8.0.121-1.b14.fc24.x86_64/lib/amd64/jli/libjli.so
7fc15cb86000-7fc15cb87000 r--p 0000d000 fd:00 10492905                   /usr/lib/jvm/java-1.8.0-openjdk-1.8.0.121-1.b14.fc24.x86_64/lib/amd64/jli/libjli.so
7fc15cb87000-7fc15cb88000 rw-p 00000000 00:00 0 
7fc15cb88000-7fc15cb9d000 r-xp 00000000 fd:00 10233252                   /usr/lib64/libz.so.1.2.8
7fc15cb9d000-7fc15cd9c000 ---p 00015000 fd:00 10233252                   /usr/lib64/libz.so.1.2.8
7fc15cd9c000-7fc15cd9d000 r--p 00014000 fd:00 10233252                   /usr/lib64/libz.so.1.2.8
7fc15cd9d000-7fc15cd9e000 rw-p 00015000 fd:00 10233252                   /usr/lib64/libz.so.1.2.8
7fc15cd9e000-7fc15cdb5000 r-xp 00000000 fd:00 10232945                   /usr/lib64/libpthread-2.23.so
7fc15cdb5000-7fc15cfb4000 ---p 00017000 fd:00 10232945                   /usr/lib64/libpthread-2.23.so
7fc15cfb4000-7fc15cfb5000 r--p 00016000 fd:00 10232945                   /usr/lib64/libpthread-2.23.so
7fc15cfb5000-7fc15cfb6000 rw-p 00017000 fd:00 10232945                   /usr/lib64/libpthread-2.23.so
7fc15cfb6000-7fc15cfba000 rw-p 00000000 00:00 0 
7fc15cfba000-7fc15cfdd000 r-xp 00000000 fd:00 10232176                   /usr/lib64/ld-2.23.so
7fc15cfe0000-7fc15cff3000 r--s 00346000 fd:00 10359990                   /usr/lib/jvm/java-1.8.0-openjdk-1.8.0.121-1.b14.fc24.x86_64/jre/lib/resources.jar
7fc15cff3000-7fc15d0be000 rw-p 00000000 00:00 0 
7fc15d0be000-7fc15d0c1000 ---p 00000000 00:00 0 
7fc15d0c1000-7fc15d1c4000 rw-p 00000000 00:00 0 
7fc15d1c4000-7fc15d1cb000 r--s 00064000 fd:00 13239846                   /home/user1/Documents/JARS/commons-lang3-3.4.jar
7fc15d1cb000-7fc15d1d2000 r--s 0009f000 fd:00 11928955                   /home/user1/Documents/JARS/com.mysql.jdbc_5.1.5.jar
7fc15d1d2000-7fc15d1da000 rw-s 00000000 00:26 117576                     /tmp/hsperfdata_user1/5349
7fc15d1da000-7fc15d1db000 rw-p 00000000 00:00 0 
7fc15d1db000-7fc15d1dc000 r--p 00000000 00:00 0 
7fc15d1dc000-7fc15d1dd000 rw-p 00000000 00:00 0 
7fc15d1dd000-7fc15d1de000 r--p 00023000 fd:00 10232176                   /usr/lib64/ld-2.23.so
7fc15d1de000-7fc15d1df000 rw-p 00024000 fd:00 10232176                   /usr/lib64/ld-2.23.so
7fc15d1df000-7fc15d1e0000 rw-p 00000000 00:00 0 
7ffd683a8000-7ffd683c9000 rw-p 00000000 00:00 0                          [stack]
7ffd683ec000-7ffd683ef000 r--p 00000000 00:00 0                          [vvar]
7ffd683ef000-7ffd683f1000 r-xp 00000000 00:00 0                          [vdso]
ffffffffff600000-ffffffffff601000 r-xp 00000000 00:00 0                  [vsyscall]

VM Arguments:
jvm_args: -Dfile.encoding=UTF-8 
java_command: main.Main2
java_class_path (initial): /home/user1/workspace/TohnatSahar/bin:/home/user1/Documents/JARS/com.mysql.jdbc_5.1.5.jar:/home/user1/Documents/JARS/commons-lang3-3.4.jar:/home/user1/Documents/JARS/mysql-connector-java-5.1.38-bin.jar:/home/user1/hevra/dom4j-1.1.jar:/home/user1/hevra/xmlbeans-2.3.0.jar:/home/user1/hevra/poi-ooxml-schemas-3.7-20101029.jar:/home/user1/hevra/poi-ooxml-3.7-20101029.jar:/home/user1/hevra/poi-3.8-beta2-20110408.jar
Launcher Type: SUN_STANDARD

Environment Variables:
PATH=/usr/lib64/qt-3.3/bin:/usr/local/bin:/usr/local/sbin:/usr/bin:/usr/sbin:/home/user1/.local/bin:/home/user1/bin
USERNAME=user1
SHELL=/bin/bash
DISPLAY=:0

Signal Handlers:
SIGSEGV: [libjvm.so+0xaa4090], sa_mask[0]=11111111011111111101111111111110, sa_flags=SA_RESTART|SA_SIGINFO
SIGBUS: [libjvm.so+0xaa4090], sa_mask[0]=11111111011111111101111111111110, sa_flags=SA_RESTART|SA_SIGINFO
SIGFPE: [libjvm.so+0x8c8160], sa_mask[0]=11111111011111111101111111111110, sa_flags=SA_RESTART|SA_SIGINFO
SIGPIPE: [libjvm.so+0x8c8160], sa_mask[0]=11111111011111111101111111111110, sa_flags=SA_RESTART|SA_SIGINFO
SIGXFSZ: [libjvm.so+0x8c8160], sa_mask[0]=11111111011111111101111111111110, sa_flags=SA_RESTART|SA_SIGINFO
SIGILL: [libjvm.so+0x8c8160], sa_mask[0]=11111111011111111101111111111110, sa_flags=SA_RESTART|SA_SIGINFO
SIGUSR1: SIG_DFL, sa_mask[0]=00000000000000000000000000000000, sa_flags=none
SIGUSR2: [libjvm.so+0x8c8010], sa_mask[0]=00100000000000000000000000000000, sa_flags=SA_RESTART|SA_SIGINFO
SIGHUP: [libjvm.so+0x8c84c0], sa_mask[0]=11111111011111111101111111111110, sa_flags=SA_RESTART|SA_SIGINFO
SIGINT: [libjvm.so+0x8c84c0], sa_mask[0]=11111111011111111101111111111110, sa_flags=SA_RESTART|SA_SIGINFO
SIGTERM: [libjvm.so+0x8c84c0], sa_mask[0]=11111111011111111101111111111110, sa_flags=SA_RESTART|SA_SIGINFO
SIGQUIT: [libjvm.so+0x8c84c0], sa_mask[0]=11111111011111111101111111111110, sa_flags=SA_RESTART|SA_SIGINFO


---------------  S Y S T E M  ---------------

OS:Fedora release 24 (Twenty Four)

uname:Linux 4.5.5-300.fc24.x86_64 #1 SMP Thu May 19 13:05:32 UTC 2016 x86_64
libc:glibc 2.23 NPTL 2.23 
rlimit: STACK 8192k, CORE 0k, NPROC 31460, NOFILE 4096, AS infinity
load average:0.00 0.12 0.20

/proc/meminfo:
MemTotal:        8076012 kB
MemFree:         2602132 kB
MemAvailable:    4264084 kB
Buffers:          236204 kB
Cached:          2461092 kB
SwapCached:            0 kB
Active:          3398952 kB
Inactive:        1703312 kB
Active(anon):    2406756 kB
Inactive(anon):   893076 kB
Active(file):     992196 kB
Inactive(file):   810236 kB
Unevictable:          56 kB
Mlocked:              56 kB
SwapTotal:       4063228 kB
SwapFree:        4063228 kB
Dirty:               324 kB
Writeback:           476 kB
AnonPages:       2374712 kB
Mapped:           983744 kB
Shmem:            894928 kB
Slab:             239416 kB
SReclaimable:     160868 kB
SUnreclaim:        78548 kB
KernelStack:        9456 kB
PageTables:        43732 kB
NFS_Unstable:          0 kB
Bounce:                0 kB
WritebackTmp:          0 kB
CommitLimit:     8101232 kB
Committed_AS:    8095516 kB
VmallocTotal:   34359738367 kB
VmallocUsed:           0 kB
VmallocChunk:          0 kB
HardwareCorrupted:     0 kB
AnonHugePages:         0 kB
CmaTotal:              0 kB
CmaFree:               0 kB
HugePages_Total:       0
HugePages_Free:        0
HugePages_Rsvd:        0
HugePages_Surp:        0
Hugepagesize:       2048 kB
DirectMap4k:      185048 kB
DirectMap2M:     6006784 kB
DirectMap1G:     2097152 kB


CPU:total 4 (2 cores per cpu, 2 threads per core) family 6 model 94 stepping 3, cmov, cx8, fxsr, mmx, sse, sse2, sse3, ssse3, sse4.1, sse4.2, popcnt, avx, avx2, aes, clmul, erms, 3dnowpref, lzcnt, ht, tsc, tscinvbit, bmi1, bmi2, adx

/proc/cpuinfo:
processor	: 0
vendor_id	: GenuineIntel
cpu family	: 6
model		: 94
model name	: Intel(R) Core(TM) i3-6100 CPU @ 3.70GHz
stepping	: 3
microcode	: 0x84
cpu MHz		: 2632.347
cache size	: 3072 KB
physical id	: 0
siblings	: 4
core id		: 0
cpu cores	: 2
apicid		: 0
initial apicid	: 0
fpu		: yes
fpu_exception	: yes
cpuid level	: 22
wp		: yes
flags		: fpu vme de pse tsc msr pae mce cx8 apic sep mtrr pge mca cmov pat pse36 clflush dts acpi mmx fxsr sse sse2 ss ht tm pbe syscall nx pdpe1gb rdtscp lm constant_tsc arch_perfmon pebs bts rep_good nopl xtopology nonstop_tsc aperfmperf eagerfpu pni pclmulqdq dtes64 monitor ds_cpl vmx est tm2 ssse3 sdbg fma cx16 xtpr pdcm pcid sse4_1 sse4_2 x2apic movbe popcnt tsc_deadline_timer aes xsave avx f16c rdrand lahf_lm abm 3dnowprefetch intel_pt tpr_shadow vnmi flexpriority ept vpid fsgsbase tsc_adjust bmi1 avx2 smep bmi2 erms invpcid mpx rdseed adx smap clflushopt xsaveopt xsavec xgetbv1 dtherm arat pln pts hwp hwp_notify hwp_act_window hwp_epp
bugs		:
bogomips	: 7392.67
clflush size	: 64
cache_alignment	: 64
address sizes	: 39 bits physical, 48 bits virtual
power management:

processor	: 1
vendor_id	: GenuineIntel
cpu family	: 6
model		: 94
model name	: Intel(R) Core(TM) i3-6100 CPU @ 3.70GHz
stepping	: 3
microcode	: 0x84
cpu MHz		: 2267.261
cache size	: 3072 KB
physical id	: 0
siblings	: 4
core id		: 1
cpu cores	: 2
apicid		: 2
initial apicid	: 2
fpu		: yes
fpu_exception	: yes
cpuid level	: 22
wp		: yes
flags		: fpu vme de pse tsc msr pae mce cx8 apic sep mtrr pge mca cmov pat pse36 clflush dts acpi mmx fxsr sse sse2 ss ht tm pbe syscall nx pdpe1gb rdtscp lm constant_tsc arch_perfmon pebs bts rep_good nopl xtopology nonstop_tsc aperfmperf eagerfpu pni pclmulqdq dtes64 monitor ds_cpl vmx est tm2 ssse3 sdbg fma cx16 xtpr pdcm pcid sse4_1 sse4_2 x2apic movbe popcnt tsc_deadline_timer aes xsave avx f16c rdrand lahf_lm abm 3dnowprefetch intel_pt tpr_shadow vnmi flexpriority ept vpid fsgsbase tsc_adjust bmi1 avx2 smep bmi2 erms invpcid mpx rdseed adx smap clflushopt xsaveopt xsavec xgetbv1 dtherm arat pln pts hwp hwp_notify hwp_act_window hwp_epp
bugs		:
bogomips	: 7392.67
clflush size	: 64
cache_alignment	: 64
address sizes	: 39 bits physical, 48 bits virtual
power management:

processor	: 2
vendor_id	: GenuineIntel
cpu family	: 6
model		: 94
model name	: Intel(R) Core(TM) i3-6100 CPU @ 3.70GHz
stepping	: 3
microcode	: 0x84
cpu MHz		: 2630.757
cache size	: 3072 KB
physical id	: 0
siblings	: 4
core id		: 0
cpu cores	: 2
apicid		: 1
initial apicid	: 1
fpu		: yes
fpu_exception	: yes
cpuid level	: 22
wp		: yes
flags		: fpu vme de pse tsc msr pae mce cx8 apic sep mtrr pge mca cmov pat pse36 clflush dts acpi mmx fxsr sse sse2 ss ht tm pbe syscall nx pdpe1gb rdtscp lm constant_tsc arch_perfmon pebs bts rep_good nopl xtopology nonstop_tsc aperfmperf eagerfpu pni pclmulqdq dtes64 monitor ds_cpl vmx est tm2 ssse3 sdbg fma cx16 xtpr pdcm pcid sse4_1 sse4_2 x2apic movbe popcnt tsc_deadline_timer aes xsave avx f16c rdrand lahf_lm abm 3dnowprefetch intel_pt tpr_shadow vnmi flexpriority ept vpid fsgsbase tsc_adjust bmi1 avx2 smep bmi2 erms invpcid mpx rdseed adx smap clflushopt xsaveopt xsavec xgetbv1 dtherm arat pln pts hwp hwp_notify hwp_act_window hwp_epp
bugs		:
bogomips	: 7392.67
clflush size	: 64
cache_alignment	: 64
address sizes	: 39 bits physical, 48 bits virtual
power management:

processor	: 3
vendor_id	: GenuineIntel
cpu family	: 6
model		: 94
model name	: Intel(R) Core(TM) i3-6100 CPU @ 3.70GHz
stepping	: 3
microcode	: 0x84
cpu MHz		: 2630.324
cache size	: 3072 KB
physical id	: 0
siblings	: 4
core id		: 1
cpu cores	: 2
apicid		: 3
initial apicid	: 3
fpu		: yes
fpu_exception	: yes
cpuid level	: 22
wp		: yes
flags		: fpu vme de pse tsc msr pae mce cx8 apic sep mtrr pge mca cmov pat pse36 clflush dts acpi mmx fxsr sse sse2 ss ht tm pbe syscall nx pdpe1gb rdtscp lm constant_tsc arch_perfmon pebs bts rep_good nopl xtopology nonstop_tsc aperfmperf eagerfpu pni pclmulqdq dtes64 monitor ds_cpl vmx est tm2 ssse3 sdbg fma cx16 xtpr pdcm pcid sse4_1 sse4_2 x2apic movbe popcnt tsc_deadline_timer aes xsave avx f16c rdrand lahf_lm abm 3dnowprefetch intel_pt tpr_shadow vnmi flexpriority ept vpid fsgsbase tsc_adjust bmi1 avx2 smep bmi2 erms invpcid mpx rdseed adx smap clflushopt xsaveopt xsavec xgetbv1 dtherm arat pln pts hwp hwp_notify hwp_act_window hwp_epp
bugs		:
bogomips	: 7392.67
clflush size	: 64
cache_alignment	: 64
address sizes	: 39 bits physical, 48 bits virtual
power management:



Memory: 4k page, physical 8076012k(2607236k free), swap 4063228k(4063228k free)

vm_info: OpenJDK 64-Bit Server VM (25.121-b14) for linux-amd64 JRE (1.8.0_121-b14), built on Jan 24 2017 14:46:21 by "mockbuild" with gcc 6.3.1 20161221 (Red Hat 6.3.1-1)

time: Wed Nov 29 17:51:18 2017
elapsed time: 6157 seconds (0d 1h 42m 37s)

